2021-08-05 10:11:17.853  INFO 13060 --- [main] com.zhl.community.CommunityApplication   : Starting CommunityApplication using Java 1.8.0_221 on LAPTOP-L8PDCRS5 with PID 13060 (D:\JAVA___project\community\target\classes started by ÂÆâÊ¥ÅËéâÂ®Ö in D:\JAVA___project\community)
2021-08-05 10:11:17.933  INFO 13060 --- [main] com.zhl.community.CommunityApplication   : No active profile set, falling back to default profiles: default
2021-08-05 10:11:23.761  INFO 13060 --- [main] o.s.b.w.embedded.tomcat.TomcatWebServer  : Tomcat initialized with port(s): 8080 (http)
2021-08-05 10:11:23.761  INFO 13060 --- [main] o.apache.catalina.core.StandardService   : Starting service [Tomcat]
2021-08-05 10:11:23.771  INFO 13060 --- [main] org.apache.catalina.core.StandardEngine  : Starting Servlet engine: [Apache Tomcat/9.0.48]
2021-08-05 10:11:23.911  INFO 13060 --- [main] o.a.c.c.C.[Tomcat].[localhost].[/]       : Initializing Spring embedded WebApplicationContext
2021-08-05 10:11:23.911  INFO 13060 --- [main] w.s.c.ServletWebServerApplicationContext : Root WebApplicationContext: initialization completed in 5918 ms
2021-08-05 10:11:25.786  INFO 13060 --- [main] o.s.b.a.w.s.WelcomePageHandlerMapping    : Adding welcome page template: index
2021-08-05 10:11:26.353  INFO 13060 --- [main] o.s.b.w.embedded.tomcat.TomcatWebServer  : Tomcat started on port(s): 8080 (http) with context path ''
2021-08-05 10:11:26.363  INFO 13060 --- [scheduling-1] com.zhl.community.schedule.ScheduleTask  : Áé∞Âú®ÁöÑÊó∂Èó¥ÊòØÔºöThu Aug 05 10:11:26 GMT+08:00 2021
2021-08-05 10:11:26.373  INFO 13060 --- [main] com.zhl.community.CommunityApplication   : Started CommunityApplication in 9.662 seconds (JVM running for 17.613)
2021-08-05 10:11:26.393  INFO 13060 --- [scheduling-1] com.zaxxer.hikari.HikariDataSource       : HikariPool-1 - Starting...
2021-08-05 10:11:29.449  INFO 13060 --- [scheduling-1] com.zaxxer.hikari.HikariDataSource       : HikariPool-1 - Start completed.
2021-08-05 10:13:12.016  INFO 13060 --- [http-nio-8080-exec-1] o.a.c.c.C.[Tomcat].[localhost].[/]       : Initializing Spring DispatcherServlet 'dispatcherServlet'
2021-08-05 10:13:12.016  INFO 13060 --- [http-nio-8080-exec-1] o.s.web.servlet.DispatcherServlet        : Initializing Servlet 'dispatcherServlet'
2021-08-05 10:13:12.016  INFO 13060 --- [http-nio-8080-exec-1] o.s.web.servlet.DispatcherServlet        : Completed initialization in 0 ms
2021-08-05 10:14:55.643  INFO 8728 --- [main] com.zhl.community.CommunityApplication   : Starting CommunityApplication using Java 1.8.0_221 on LAPTOP-L8PDCRS5 with PID 8728 (D:\JAVA___project\community\target\classes started by ÂÆâÊ¥ÅËéâÂ®Ö in D:\JAVA___project\community)
2021-08-05 10:14:55.643  INFO 8728 --- [main] com.zhl.community.CommunityApplication   : No active profile set, falling back to default profiles: default
2021-08-05 10:14:56.749  INFO 8728 --- [main] o.s.b.w.embedded.tomcat.TomcatWebServer  : Tomcat initialized with port(s): 8080 (http)
2021-08-05 10:14:56.756  INFO 8728 --- [main] o.apache.catalina.core.StandardService   : Starting service [Tomcat]
2021-08-05 10:14:56.757  INFO 8728 --- [main] org.apache.catalina.core.StandardEngine  : Starting Servlet engine: [Apache Tomcat/9.0.48]
2021-08-05 10:14:56.827  INFO 8728 --- [main] o.a.c.c.C.[Tomcat].[localhost].[/]       : Initializing Spring embedded WebApplicationContext
2021-08-05 10:14:56.827  INFO 8728 --- [main] w.s.c.ServletWebServerApplicationContext : Root WebApplicationContext: initialization completed in 1134 ms
2021-08-05 10:14:57.452  INFO 8728 --- [main] o.s.b.a.w.s.WelcomePageHandlerMapping    : Adding welcome page template: index
2021-08-05 10:14:57.672  INFO 8728 --- [main] o.s.b.w.embedded.tomcat.TomcatWebServer  : Tomcat started on port(s): 8080 (http) with context path ''
2021-08-05 10:14:57.682  INFO 8728 --- [scheduling-1] com.zhl.community.schedule.ScheduleTask  : Áé∞Âú®ÁöÑÊó∂Èó¥ÊòØÔºöThu Aug 05 10:14:57 GMT+08:00 2021
2021-08-05 10:14:57.682  INFO 8728 --- [main] com.zhl.community.CommunityApplication   : Started CommunityApplication in 2.483 seconds (JVM running for 4.989)
2021-08-05 10:14:57.702  INFO 8728 --- [scheduling-1] com.zaxxer.hikari.HikariDataSource       : HikariPool-1 - Starting...
2021-08-05 10:14:59.964  INFO 8728 --- [scheduling-1] com.zaxxer.hikari.HikariDataSource       : HikariPool-1 - Start completed.
2021-08-05 10:15:02.604  INFO 8728 --- [http-nio-8080-exec-1] o.a.c.c.C.[Tomcat].[localhost].[/]       : Initializing Spring DispatcherServlet 'dispatcherServlet'
2021-08-05 10:15:02.604  INFO 8728 --- [http-nio-8080-exec-1] o.s.web.servlet.DispatcherServlet        : Initializing Servlet 'dispatcherServlet'
2021-08-05 10:15:02.604  INFO 8728 --- [http-nio-8080-exec-1] o.s.web.servlet.DispatcherServlet        : Completed initialization in 0 ms
2021-08-05 10:16:47.411  INFO 2300 --- [main] com.zhl.community.CommunityApplication   : Starting CommunityApplication using Java 1.8.0_221 on LAPTOP-L8PDCRS5 with PID 2300 (D:\JAVA___project\community\target\classes started by ÂÆâÊ¥ÅËéâÂ®Ö in D:\JAVA___project\community)
2021-08-05 10:16:47.411  INFO 2300 --- [main] com.zhl.community.CommunityApplication   : No active profile set, falling back to default profiles: default
2021-08-05 10:16:48.588  INFO 2300 --- [main] o.s.b.w.embedded.tomcat.TomcatWebServer  : Tomcat initialized with port(s): 8080 (http)
2021-08-05 10:16:48.598  INFO 2300 --- [main] o.apache.catalina.core.StandardService   : Starting service [Tomcat]
2021-08-05 10:16:48.598  INFO 2300 --- [main] org.apache.catalina.core.StandardEngine  : Starting Servlet engine: [Apache Tomcat/9.0.48]
2021-08-05 10:16:48.688  INFO 2300 --- [main] o.a.c.c.C.[Tomcat].[localhost].[/]       : Initializing Spring embedded WebApplicationContext
2021-08-05 10:16:48.698  INFO 2300 --- [main] w.s.c.ServletWebServerApplicationContext : Root WebApplicationContext: initialization completed in 1229 ms
2021-08-05 10:16:49.348  INFO 2300 --- [main] o.s.b.a.w.s.WelcomePageHandlerMapping    : Adding welcome page template: index
2021-08-05 10:16:49.578  INFO 2300 --- [main] o.s.b.w.embedded.tomcat.TomcatWebServer  : Tomcat started on port(s): 8080 (http) with context path ''
2021-08-05 10:16:49.588  INFO 2300 --- [scheduling-1] com.zhl.community.schedule.ScheduleTask  : Áé∞Âú®ÁöÑÊó∂Èó¥ÊòØÔºöThu Aug 05 10:16:49 GMT+08:00 2021
2021-08-05 10:16:49.588  INFO 2300 --- [main] com.zhl.community.CommunityApplication   : Started CommunityApplication in 2.669 seconds (JVM running for 4.993)
2021-08-05 10:16:49.608  INFO 2300 --- [scheduling-1] com.zaxxer.hikari.HikariDataSource       : HikariPool-1 - Starting...
2021-08-05 10:16:50.118  INFO 2300 --- [http-nio-8080-exec-1] o.a.c.c.C.[Tomcat].[localhost].[/]       : Initializing Spring DispatcherServlet 'dispatcherServlet'
2021-08-05 10:16:50.118  INFO 2300 --- [http-nio-8080-exec-1] o.s.web.servlet.DispatcherServlet        : Initializing Servlet 'dispatcherServlet'
2021-08-05 10:16:50.118  INFO 2300 --- [http-nio-8080-exec-1] o.s.web.servlet.DispatcherServlet        : Completed initialization in 0 ms
2021-08-05 10:16:51.946  INFO 2300 --- [scheduling-1] com.zaxxer.hikari.HikariDataSource       : HikariPool-1 - Start completed.
2021-08-05 10:18:27.001  INFO 16756 --- [main] com.zhl.community.CommunityApplication   : Starting CommunityApplication using Java 1.8.0_221 on LAPTOP-L8PDCRS5 with PID 16756 (D:\JAVA___project\community\target\classes started by ÂÆâÊ¥ÅËéâÂ®Ö in D:\JAVA___project\community)
2021-08-05 10:18:27.001  INFO 16756 --- [main] com.zhl.community.CommunityApplication   : No active profile set, falling back to default profiles: default
2021-08-05 10:18:27.916  INFO 16756 --- [main] o.s.b.w.embedded.tomcat.TomcatWebServer  : Tomcat initialized with port(s): 8080 (http)
2021-08-05 10:18:27.924  INFO 16756 --- [main] o.apache.catalina.core.StandardService   : Starting service [Tomcat]
2021-08-05 10:18:27.926  INFO 16756 --- [main] org.apache.catalina.core.StandardEngine  : Starting Servlet engine: [Apache Tomcat/9.0.48]
2021-08-05 10:18:28.007  INFO 16756 --- [main] o.a.c.c.C.[Tomcat].[localhost].[/]       : Initializing Spring embedded WebApplicationContext
2021-08-05 10:18:28.007  INFO 16756 --- [main] w.s.c.ServletWebServerApplicationContext : Root WebApplicationContext: initialization completed in 966 ms
2021-08-05 10:18:28.555  INFO 16756 --- [main] o.s.b.a.w.s.WelcomePageHandlerMapping    : Adding welcome page template: index
2021-08-05 10:18:28.705  INFO 16756 --- [main] o.s.b.w.embedded.tomcat.TomcatWebServer  : Tomcat started on port(s): 8080 (http) with context path ''
2021-08-05 10:18:28.715  INFO 16756 --- [scheduling-1] com.zhl.community.schedule.ScheduleTask  : Áé∞Âú®ÁöÑÊó∂Èó¥ÊòØÔºöThu Aug 05 10:18:28 GMT+08:00 2021
2021-08-05 10:18:28.715  INFO 16756 --- [main] com.zhl.community.CommunityApplication   : Started CommunityApplication in 2.111 seconds (JVM running for 4.754)
2021-08-05 10:18:28.725  INFO 16756 --- [scheduling-1] com.zaxxer.hikari.HikariDataSource       : HikariPool-1 - Starting...
2021-08-05 10:18:30.794  INFO 16756 --- [scheduling-1] com.zaxxer.hikari.HikariDataSource       : HikariPool-1 - Start completed.
2021-08-05 10:18:33.719  INFO 16756 --- [http-nio-8080-exec-1] o.a.c.c.C.[Tomcat].[localhost].[/]       : Initializing Spring DispatcherServlet 'dispatcherServlet'
2021-08-05 10:18:33.719  INFO 16756 --- [http-nio-8080-exec-1] o.s.web.servlet.DispatcherServlet        : Initializing Servlet 'dispatcherServlet'
2021-08-05 10:18:33.719  INFO 16756 --- [http-nio-8080-exec-1] o.s.web.servlet.DispatcherServlet        : Completed initialization in 0 ms
2021-08-05 10:19:29.335  INFO 332 --- [main] com.zhl.community.CommunityApplication   : Starting CommunityApplication using Java 1.8.0_221 on LAPTOP-L8PDCRS5 with PID 332 (D:\JAVA___project\community\target\classes started by ÂÆâÊ¥ÅËéâÂ®Ö in D:\JAVA___project\community)
2021-08-05 10:19:29.335  INFO 332 --- [main] com.zhl.community.CommunityApplication   : No active profile set, falling back to default profiles: default
2021-08-05 10:19:30.395  INFO 332 --- [main] o.s.b.w.embedded.tomcat.TomcatWebServer  : Tomcat initialized with port(s): 8080 (http)
2021-08-05 10:19:30.395  INFO 332 --- [main] o.apache.catalina.core.StandardService   : Starting service [Tomcat]
2021-08-05 10:19:30.395  INFO 332 --- [main] org.apache.catalina.core.StandardEngine  : Starting Servlet engine: [Apache Tomcat/9.0.48]
2021-08-05 10:19:30.485  INFO 332 --- [main] o.a.c.c.C.[Tomcat].[localhost].[/]       : Initializing Spring embedded WebApplicationContext
2021-08-05 10:19:30.485  INFO 332 --- [main] w.s.c.ServletWebServerApplicationContext : Root WebApplicationContext: initialization completed in 1110 ms
2021-08-05 10:19:31.213  INFO 332 --- [main] o.s.b.a.w.s.WelcomePageHandlerMapping    : Adding welcome page template: index
2021-08-05 10:19:31.393  INFO 332 --- [main] o.s.b.w.embedded.tomcat.TomcatWebServer  : Tomcat started on port(s): 8080 (http) with context path ''
2021-08-05 10:19:31.403  INFO 332 --- [scheduling-1] com.zhl.community.schedule.ScheduleTask  : Áé∞Âú®ÁöÑÊó∂Èó¥ÊòØÔºöThu Aug 05 10:19:31 GMT+08:00 2021
2021-08-05 10:19:31.403  INFO 332 --- [main] com.zhl.community.CommunityApplication   : Started CommunityApplication in 2.461 seconds (JVM running for 4.805)
2021-08-05 10:19:31.413  INFO 332 --- [scheduling-1] com.zaxxer.hikari.HikariDataSource       : HikariPool-1 - Starting...
2021-08-05 10:19:33.359  INFO 332 --- [scheduling-1] com.zaxxer.hikari.HikariDataSource       : HikariPool-1 - Start completed.
2021-08-05 10:19:36.372  INFO 332 --- [http-nio-8080-exec-1] o.a.c.c.C.[Tomcat].[localhost].[/]       : Initializing Spring DispatcherServlet 'dispatcherServlet'
2021-08-05 10:19:36.372  INFO 332 --- [http-nio-8080-exec-1] o.s.web.servlet.DispatcherServlet        : Initializing Servlet 'dispatcherServlet'
2021-08-05 10:19:36.372  INFO 332 --- [http-nio-8080-exec-1] o.s.web.servlet.DispatcherServlet        : Completed initialization in 0 ms
2021-08-05 10:20:11.791  INFO 21784 --- [main] com.zhl.community.CommunityApplication   : Starting CommunityApplication using Java 1.8.0_221 on LAPTOP-L8PDCRS5 with PID 21784 (D:\JAVA___project\community\target\classes started by ÂÆâÊ¥ÅËéâÂ®Ö in D:\JAVA___project\community)
2021-08-05 10:20:11.801  INFO 21784 --- [main] com.zhl.community.CommunityApplication   : No active profile set, falling back to default profiles: default
2021-08-05 10:20:12.811  INFO 21784 --- [main] o.s.b.w.embedded.tomcat.TomcatWebServer  : Tomcat initialized with port(s): 8080 (http)
2021-08-05 10:20:12.821  INFO 21784 --- [main] o.apache.catalina.core.StandardService   : Starting service [Tomcat]
2021-08-05 10:20:12.821  INFO 21784 --- [main] org.apache.catalina.core.StandardEngine  : Starting Servlet engine: [Apache Tomcat/9.0.48]
2021-08-05 10:20:12.891  INFO 21784 --- [main] o.a.c.c.C.[Tomcat].[localhost].[/]       : Initializing Spring embedded WebApplicationContext
2021-08-05 10:20:12.891  INFO 21784 --- [main] w.s.c.ServletWebServerApplicationContext : Root WebApplicationContext: initialization completed in 1040 ms
2021-08-05 10:20:13.530  INFO 21784 --- [main] o.s.b.a.w.s.WelcomePageHandlerMapping    : Adding welcome page template: index
2021-08-05 10:20:13.710  INFO 21784 --- [main] o.s.b.w.embedded.tomcat.TomcatWebServer  : Tomcat started on port(s): 8080 (http) with context path ''
2021-08-05 10:20:13.720  INFO 21784 --- [scheduling-1] com.zhl.community.schedule.ScheduleTask  : Áé∞Âú®ÁöÑÊó∂Èó¥ÊòØÔºöThu Aug 05 10:20:13 GMT+08:00 2021
2021-08-05 10:20:13.720  INFO 21784 --- [main] com.zhl.community.CommunityApplication   : Started CommunityApplication in 2.362 seconds (JVM running for 5.124)
2021-08-05 10:20:13.730  INFO 21784 --- [scheduling-1] com.zaxxer.hikari.HikariDataSource       : HikariPool-1 - Starting...
2021-08-05 10:20:15.720  INFO 21784 --- [scheduling-1] com.zaxxer.hikari.HikariDataSource       : HikariPool-1 - Start completed.
2021-08-05 10:20:16.540  INFO 21784 --- [http-nio-8080-exec-1] o.a.c.c.C.[Tomcat].[localhost].[/]       : Initializing Spring DispatcherServlet 'dispatcherServlet'
2021-08-05 10:20:16.540  INFO 21784 --- [http-nio-8080-exec-1] o.s.web.servlet.DispatcherServlet        : Initializing Servlet 'dispatcherServlet'
2021-08-05 10:20:16.540  INFO 21784 --- [http-nio-8080-exec-1] o.s.web.servlet.DispatcherServlet        : Completed initialization in 0 ms
2021-08-05 10:21:00.620  INFO 23436 --- [main] com.zhl.community.CommunityApplication   : Starting CommunityApplication using Java 1.8.0_221 on LAPTOP-L8PDCRS5 with PID 23436 (D:\JAVA___project\community\target\classes started by ÂÆâÊ¥ÅËéâÂ®Ö in D:\JAVA___project\community)
2021-08-05 10:21:00.630  INFO 23436 --- [main] com.zhl.community.CommunityApplication   : No active profile set, falling back to default profiles: default
2021-08-05 10:21:01.579  INFO 23436 --- [main] o.s.b.w.embedded.tomcat.TomcatWebServer  : Tomcat initialized with port(s): 8080 (http)
2021-08-05 10:21:01.589  INFO 23436 --- [main] o.apache.catalina.core.StandardService   : Starting service [Tomcat]
2021-08-05 10:21:01.589  INFO 23436 --- [main] org.apache.catalina.core.StandardEngine  : Starting Servlet engine: [Apache Tomcat/9.0.48]
2021-08-05 10:21:01.660  INFO 23436 --- [main] o.a.c.c.C.[Tomcat].[localhost].[/]       : Initializing Spring embedded WebApplicationContext
2021-08-05 10:21:01.660  INFO 23436 --- [main] w.s.c.ServletWebServerApplicationContext : Root WebApplicationContext: initialization completed in 980 ms
2021-08-05 10:21:02.258  INFO 23436 --- [main] o.s.b.a.w.s.WelcomePageHandlerMapping    : Adding welcome page template: index
2021-08-05 10:21:02.428  INFO 23436 --- [main] o.s.b.w.embedded.tomcat.TomcatWebServer  : Tomcat started on port(s): 8080 (http) with context path ''
2021-08-05 10:21:02.428  INFO 23436 --- [scheduling-1] com.zhl.community.schedule.ScheduleTask  : Áé∞Âú®ÁöÑÊó∂Èó¥ÊòØÔºöThu Aug 05 10:21:02 GMT+08:00 2021
2021-08-05 10:21:02.438  INFO 23436 --- [main] com.zhl.community.CommunityApplication   : Started CommunityApplication in 2.205 seconds (JVM running for 4.521)
2021-08-05 10:21:02.448  INFO 23436 --- [scheduling-1] com.zaxxer.hikari.HikariDataSource       : HikariPool-1 - Starting...
2021-08-05 10:21:04.567  INFO 23436 --- [scheduling-1] com.zaxxer.hikari.HikariDataSource       : HikariPool-1 - Start completed.
2021-08-05 10:21:05.917  INFO 23436 --- [http-nio-8080-exec-1] o.a.c.c.C.[Tomcat].[localhost].[/]       : Initializing Spring DispatcherServlet 'dispatcherServlet'
2021-08-05 10:21:05.917  INFO 23436 --- [http-nio-8080-exec-1] o.s.web.servlet.DispatcherServlet        : Initializing Servlet 'dispatcherServlet'
2021-08-05 10:21:05.917  INFO 23436 --- [http-nio-8080-exec-1] o.s.web.servlet.DispatcherServlet        : Completed initialization in 0 ms
2021-08-05 10:21:46.316  INFO 14344 --- [main] com.zhl.community.CommunityApplication   : Starting CommunityApplication using Java 1.8.0_221 on LAPTOP-L8PDCRS5 with PID 14344 (D:\JAVA___project\community\target\classes started by ÂÆâÊ¥ÅËéâÂ®Ö in D:\JAVA___project\community)
2021-08-05 10:21:46.326  INFO 14344 --- [main] com.zhl.community.CommunityApplication   : No active profile set, falling back to default profiles: default
2021-08-05 10:21:47.306  INFO 14344 --- [main] o.s.b.w.embedded.tomcat.TomcatWebServer  : Tomcat initialized with port(s): 8080 (http)
2021-08-05 10:21:47.316  INFO 14344 --- [main] o.apache.catalina.core.StandardService   : Starting service [Tomcat]
2021-08-05 10:21:47.316  INFO 14344 --- [main] org.apache.catalina.core.StandardEngine  : Starting Servlet engine: [Apache Tomcat/9.0.48]
2021-08-05 10:21:47.386  INFO 14344 --- [main] o.a.c.c.C.[Tomcat].[localhost].[/]       : Initializing Spring embedded WebApplicationContext
2021-08-05 10:21:47.386  INFO 14344 --- [main] w.s.c.ServletWebServerApplicationContext : Root WebApplicationContext: initialization completed in 1020 ms
2021-08-05 10:21:48.006  INFO 14344 --- [main] o.s.b.a.w.s.WelcomePageHandlerMapping    : Adding welcome page template: index
2021-08-05 10:21:48.176  INFO 14344 --- [main] o.s.b.w.embedded.tomcat.TomcatWebServer  : Tomcat started on port(s): 8080 (http) with context path ''
2021-08-05 10:21:48.186  INFO 14344 --- [scheduling-1] com.zhl.community.schedule.ScheduleTask  : Áé∞Âú®ÁöÑÊó∂Èó¥ÊòØÔºöThu Aug 05 10:21:48 GMT+08:00 2021
2021-08-05 10:21:48.186  INFO 14344 --- [main] com.zhl.community.CommunityApplication   : Started CommunityApplication in 2.265 seconds (JVM running for 4.74)
2021-08-05 10:21:48.206  INFO 14344 --- [scheduling-1] com.zaxxer.hikari.HikariDataSource       : HikariPool-1 - Starting...
2021-08-05 10:21:50.562  INFO 14344 --- [scheduling-1] com.zaxxer.hikari.HikariDataSource       : HikariPool-1 - Start completed.
2021-08-05 10:21:52.072  INFO 14344 --- [http-nio-8080-exec-1] o.a.c.c.C.[Tomcat].[localhost].[/]       : Initializing Spring DispatcherServlet 'dispatcherServlet'
2021-08-05 10:21:52.072  INFO 14344 --- [http-nio-8080-exec-1] o.s.web.servlet.DispatcherServlet        : Initializing Servlet 'dispatcherServlet'
2021-08-05 10:21:52.082  INFO 14344 --- [http-nio-8080-exec-1] o.s.web.servlet.DispatcherServlet        : Completed initialization in 10 ms
2021-08-05 10:22:44.691  INFO 23404 --- [main] com.zhl.community.CommunityApplication   : Starting CommunityApplication using Java 1.8.0_221 on LAPTOP-L8PDCRS5 with PID 23404 (D:\JAVA___project\community\target\classes started by ÂÆâÊ¥ÅËéâÂ®Ö in D:\JAVA___project\community)
2021-08-05 10:22:44.691  INFO 23404 --- [main] com.zhl.community.CommunityApplication   : No active profile set, falling back to default profiles: default
2021-08-05 10:22:45.770  INFO 23404 --- [main] o.s.b.w.embedded.tomcat.TomcatWebServer  : Tomcat initialized with port(s): 8080 (http)
2021-08-05 10:22:45.780  INFO 23404 --- [main] o.apache.catalina.core.StandardService   : Starting service [Tomcat]
2021-08-05 10:22:45.780  INFO 23404 --- [main] org.apache.catalina.core.StandardEngine  : Starting Servlet engine: [Apache Tomcat/9.0.48]
2021-08-05 10:22:45.850  INFO 23404 --- [main] o.a.c.c.C.[Tomcat].[localhost].[/]       : Initializing Spring embedded WebApplicationContext
2021-08-05 10:22:45.850  INFO 23404 --- [main] w.s.c.ServletWebServerApplicationContext : Root WebApplicationContext: initialization completed in 1109 ms
2021-08-05 10:22:46.470  INFO 23404 --- [main] o.s.b.a.w.s.WelcomePageHandlerMapping    : Adding welcome page template: index
2021-08-05 10:22:46.630  INFO 23404 --- [main] o.s.b.w.embedded.tomcat.TomcatWebServer  : Tomcat started on port(s): 8080 (http) with context path ''
2021-08-05 10:22:46.640  INFO 23404 --- [scheduling-1] com.zhl.community.schedule.ScheduleTask  : Áé∞Âú®ÁöÑÊó∂Èó¥ÊòØÔºöThu Aug 05 10:22:46 GMT+08:00 2021
2021-08-05 10:22:46.640  INFO 23404 --- [main] com.zhl.community.CommunityApplication   : Started CommunityApplication in 2.38 seconds (JVM running for 4.677)
2021-08-05 10:22:46.650  INFO 23404 --- [scheduling-1] com.zaxxer.hikari.HikariDataSource       : HikariPool-1 - Starting...
2021-08-05 10:22:48.841  INFO 23404 --- [scheduling-1] com.zaxxer.hikari.HikariDataSource       : HikariPool-1 - Start completed.
2021-08-05 10:22:56.134  INFO 23404 --- [http-nio-8080-exec-1] o.a.c.c.C.[Tomcat].[localhost].[/]       : Initializing Spring DispatcherServlet 'dispatcherServlet'
2021-08-05 10:22:56.134  INFO 23404 --- [http-nio-8080-exec-1] o.s.web.servlet.DispatcherServlet        : Initializing Servlet 'dispatcherServlet'
2021-08-05 10:22:56.134  INFO 23404 --- [http-nio-8080-exec-1] o.s.web.servlet.DispatcherServlet        : Completed initialization in 0 ms
2021-08-05 10:32:45.123  INFO 22120 --- [main] com.zhl.community.CommunityApplication   : Starting CommunityApplication using Java 1.8.0_221 on LAPTOP-L8PDCRS5 with PID 22120 (D:\JAVA___project\community\target\classes started by ÂÆâÊ¥ÅËéâÂ®Ö in D:\JAVA___project\community)
2021-08-05 10:32:45.128  INFO 22120 --- [main] com.zhl.community.CommunityApplication   : No active profile set, falling back to default profiles: default
2021-08-05 10:32:46.718  INFO 22120 --- [main] o.s.b.w.embedded.tomcat.TomcatWebServer  : Tomcat initialized with port(s): 80 (http)
2021-08-05 10:32:46.733  INFO 22120 --- [main] o.apache.catalina.core.StandardService   : Starting service [Tomcat]
2021-08-05 10:32:46.733  INFO 22120 --- [main] org.apache.catalina.core.StandardEngine  : Starting Servlet engine: [Apache Tomcat/9.0.48]
2021-08-05 10:32:46.818  INFO 22120 --- [main] o.a.c.c.C.[Tomcat].[localhost].[/]       : Initializing Spring embedded WebApplicationContext
2021-08-05 10:32:46.818  INFO 22120 --- [main] w.s.c.ServletWebServerApplicationContext : Root WebApplicationContext: initialization completed in 1635 ms
2021-08-05 10:32:47.488  INFO 22120 --- [main] o.s.b.a.w.s.WelcomePageHandlerMapping    : Adding welcome page template: index
2021-08-05 10:32:47.758  WARN 22120 --- [main] ConfigServletWebServerApplicationContext : Exception encountered during context initialization - cancelling refresh attempt: org.springframework.context.ApplicationContextException: Failed to start bean 'webServerStartStop'; nested exception is org.springframework.boot.web.server.PortInUseException: Port 80 is already in use
2021-08-05 10:32:47.758  INFO 22120 --- [main] o.apache.catalina.core.StandardService   : Stopping service [Tomcat]
2021-08-05 10:32:47.778  INFO 22120 --- [main] ConditionEvaluationReportLoggingListener : 

Error starting ApplicationContext. To display the conditions report re-run your application with 'debug' enabled.
2021-08-05 10:32:47.878 ERROR 22120 --- [main] o.s.b.d.LoggingFailureAnalysisReporter   : 

***************************
APPLICATION FAILED TO START
***************************

Description:

Web server failed to start. Port 80 was already in use.

Action:

Identify and stop the process that's listening on port 80 or configure this application to listen on another port.

2021-08-05 10:34:07.218  INFO 18764 --- [main] com.zhl.community.CommunityApplication   : Starting CommunityApplication using Java 1.8.0_221 on LAPTOP-L8PDCRS5 with PID 18764 (D:\JAVA___project\community\target\classes started by ÂÆâÊ¥ÅËéâÂ®Ö in D:\JAVA___project\community)
2021-08-05 10:34:07.218  INFO 18764 --- [main] com.zhl.community.CommunityApplication   : No active profile set, falling back to default profiles: default
2021-08-05 10:34:08.319  INFO 18764 --- [main] o.s.b.w.embedded.tomcat.TomcatWebServer  : Tomcat initialized with port(s): 80 (http)
2021-08-05 10:34:08.329  INFO 18764 --- [main] o.apache.catalina.core.StandardService   : Starting service [Tomcat]
2021-08-05 10:34:08.329  INFO 18764 --- [main] org.apache.catalina.core.StandardEngine  : Starting Servlet engine: [Apache Tomcat/9.0.48]
2021-08-05 10:34:08.419  INFO 18764 --- [main] o.a.c.c.C.[Tomcat].[localhost].[/]       : Initializing Spring embedded WebApplicationContext
2021-08-05 10:34:08.419  INFO 18764 --- [main] w.s.c.ServletWebServerApplicationContext : Root WebApplicationContext: initialization completed in 1156 ms
2021-08-05 10:34:09.058  INFO 18764 --- [main] o.s.b.a.w.s.WelcomePageHandlerMapping    : Adding welcome page template: index
2021-08-05 10:34:09.219  WARN 18764 --- [main] ConfigServletWebServerApplicationContext : Exception encountered during context initialization - cancelling refresh attempt: org.springframework.context.ApplicationContextException: Failed to start bean 'webServerStartStop'; nested exception is org.springframework.boot.web.server.PortInUseException: Port 80 is already in use
2021-08-05 10:34:09.219  INFO 18764 --- [main] o.apache.catalina.core.StandardService   : Stopping service [Tomcat]
2021-08-05 10:34:09.229  INFO 18764 --- [main] ConditionEvaluationReportLoggingListener : 

Error starting ApplicationContext. To display the conditions report re-run your application with 'debug' enabled.
2021-08-05 10:34:09.239 ERROR 18764 --- [main] o.s.b.d.LoggingFailureAnalysisReporter   : 

***************************
APPLICATION FAILED TO START
***************************

Description:

Web server failed to start. Port 80 was already in use.

Action:

Identify and stop the process that's listening on port 80 or configure this application to listen on another port.

2021-08-05 10:34:32.613  INFO 4572 --- [main] com.zhl.community.CommunityApplication   : Starting CommunityApplication using Java 1.8.0_221 on LAPTOP-L8PDCRS5 with PID 4572 (D:\JAVA___project\community\target\classes started by ÂÆâÊ¥ÅËéâÂ®Ö in D:\JAVA___project\community)
2021-08-05 10:34:32.618  INFO 4572 --- [main] com.zhl.community.CommunityApplication   : No active profile set, falling back to default profiles: default
2021-08-05 10:34:33.529  INFO 4572 --- [main] o.s.b.w.embedded.tomcat.TomcatWebServer  : Tomcat initialized with port(s): 8080 (http)
2021-08-05 10:34:33.538  INFO 4572 --- [main] o.apache.catalina.core.StandardService   : Starting service [Tomcat]
2021-08-05 10:34:33.538  INFO 4572 --- [main] org.apache.catalina.core.StandardEngine  : Starting Servlet engine: [Apache Tomcat/9.0.48]
2021-08-05 10:34:33.599  INFO 4572 --- [main] o.a.c.c.C.[Tomcat].[localhost].[/]       : Initializing Spring embedded WebApplicationContext
2021-08-05 10:34:33.609  INFO 4572 --- [main] w.s.c.ServletWebServerApplicationContext : Root WebApplicationContext: initialization completed in 951 ms
2021-08-05 10:34:34.319  INFO 4572 --- [main] o.s.b.a.w.s.WelcomePageHandlerMapping    : Adding welcome page template: index
2021-08-05 10:34:34.528  INFO 4572 --- [main] o.s.b.w.embedded.tomcat.TomcatWebServer  : Tomcat started on port(s): 8080 (http) with context path ''
2021-08-05 10:34:34.538  INFO 4572 --- [scheduling-1] com.zhl.community.schedule.ScheduleTask  : Áé∞Âú®ÁöÑÊó∂Èó¥ÊòØÔºöThu Aug 05 10:34:34 GMT+08:00 2021
2021-08-05 10:34:34.548  INFO 4572 --- [main] com.zhl.community.CommunityApplication   : Started CommunityApplication in 2.304 seconds (JVM running for 4.626)
2021-08-05 10:34:34.569  INFO 4572 --- [scheduling-1] com.zaxxer.hikari.HikariDataSource       : HikariPool-1 - Starting...
2021-08-05 10:34:36.588  INFO 4572 --- [scheduling-1] com.zaxxer.hikari.HikariDataSource       : HikariPool-1 - Start completed.
2021-08-05 10:34:41.539  INFO 4572 --- [http-nio-8080-exec-1] o.a.c.c.C.[Tomcat].[localhost].[/]       : Initializing Spring DispatcherServlet 'dispatcherServlet'
2021-08-05 10:34:41.539  INFO 4572 --- [http-nio-8080-exec-1] o.s.web.servlet.DispatcherServlet        : Initializing Servlet 'dispatcherServlet'
2021-08-05 10:34:41.539  INFO 4572 --- [http-nio-8080-exec-1] o.s.web.servlet.DispatcherServlet        : Completed initialization in 0 ms
2021-08-05 10:44:17.889  INFO 11168 --- [main] com.zhl.community.CommunityApplication   : Starting CommunityApplication using Java 1.8.0_221 on LAPTOP-L8PDCRS5 with PID 11168 (D:\JAVA___project\community\target\classes started by ÂÆâÊ¥ÅËéâÂ®Ö in D:\JAVA___project\community)
2021-08-05 10:44:17.889  INFO 11168 --- [main] com.zhl.community.CommunityApplication   : No active profile set, falling back to default profiles: default
2021-08-05 10:44:18.979  INFO 11168 --- [main] o.s.b.w.embedded.tomcat.TomcatWebServer  : Tomcat initialized with port(s): 8080 (http)
2021-08-05 10:44:18.989  INFO 11168 --- [main] o.apache.catalina.core.StandardService   : Starting service [Tomcat]
2021-08-05 10:44:18.989  INFO 11168 --- [main] org.apache.catalina.core.StandardEngine  : Starting Servlet engine: [Apache Tomcat/9.0.48]
2021-08-05 10:44:19.064  INFO 11168 --- [main] o.a.c.c.C.[Tomcat].[localhost].[/]       : Initializing Spring embedded WebApplicationContext
2021-08-05 10:44:19.064  INFO 11168 --- [main] w.s.c.ServletWebServerApplicationContext : Root WebApplicationContext: initialization completed in 1135 ms
2021-08-05 10:44:19.669  INFO 11168 --- [main] o.s.b.a.w.s.WelcomePageHandlerMapping    : Adding welcome page template: index
2021-08-05 10:44:19.839  INFO 11168 --- [main] o.s.b.w.embedded.tomcat.TomcatWebServer  : Tomcat started on port(s): 8080 (http) with context path ''
2021-08-05 10:44:19.844  INFO 11168 --- [scheduling-1] com.zhl.community.schedule.ScheduleTask  : Áé∞Âú®ÁöÑÊó∂Èó¥ÊòØÔºöThu Aug 05 10:44:19 GMT+08:00 2021
2021-08-05 10:44:19.849  INFO 11168 --- [main] com.zhl.community.CommunityApplication   : Started CommunityApplication in 2.407 seconds (JVM running for 4.905)
2021-08-05 10:44:19.859  INFO 11168 --- [scheduling-1] com.zaxxer.hikari.HikariDataSource       : HikariPool-1 - Starting...
2021-08-05 10:44:22.019  INFO 11168 --- [scheduling-1] com.zaxxer.hikari.HikariDataSource       : HikariPool-1 - Start completed.
2021-08-05 10:44:29.059  INFO 11168 --- [http-nio-8080-exec-1] o.a.c.c.C.[Tomcat].[localhost].[/]       : Initializing Spring DispatcherServlet 'dispatcherServlet'
2021-08-05 10:44:29.059  INFO 11168 --- [http-nio-8080-exec-1] o.s.web.servlet.DispatcherServlet        : Initializing Servlet 'dispatcherServlet'
2021-08-05 10:44:29.059  INFO 11168 --- [http-nio-8080-exec-1] o.s.web.servlet.DispatcherServlet        : Completed initialization in 0 ms
2021-08-05 10:59:31.887  INFO 13088 --- [main] com.zhl.community.CommunityApplication   : Starting CommunityApplication using Java 1.8.0_221 on LAPTOP-L8PDCRS5 with PID 13088 (D:\JAVA___project\community\target\classes started by ÂÆâÊ¥ÅËéâÂ®Ö in D:\JAVA___project\community)
2021-08-05 10:59:31.890  INFO 13088 --- [main] com.zhl.community.CommunityApplication   : No active profile set, falling back to default profiles: default
2021-08-05 10:59:32.830  INFO 13088 --- [main] o.s.b.w.embedded.tomcat.TomcatWebServer  : Tomcat initialized with port(s): 8080 (http)
2021-08-05 10:59:32.840  INFO 13088 --- [main] o.apache.catalina.core.StandardService   : Starting service [Tomcat]
2021-08-05 10:59:32.840  INFO 13088 --- [main] org.apache.catalina.core.StandardEngine  : Starting Servlet engine: [Apache Tomcat/9.0.48]
2021-08-05 10:59:32.910  INFO 13088 --- [main] o.a.c.c.C.[Tomcat].[localhost].[/]       : Initializing Spring embedded WebApplicationContext
2021-08-05 10:59:32.910  INFO 13088 --- [main] w.s.c.ServletWebServerApplicationContext : Root WebApplicationContext: initialization completed in 990 ms
2021-08-05 10:59:33.470  INFO 13088 --- [main] o.s.b.a.w.s.WelcomePageHandlerMapping    : Adding welcome page template: index
2021-08-05 10:59:33.630  INFO 13088 --- [main] o.s.b.w.embedded.tomcat.TomcatWebServer  : Tomcat started on port(s): 8080 (http) with context path ''
2021-08-05 10:59:33.630  INFO 13088 --- [scheduling-1] com.zhl.community.schedule.ScheduleTask  : Áé∞Âú®ÁöÑÊó∂Èó¥ÊòØÔºöThu Aug 05 10:59:33 GMT+08:00 2021
2021-08-05 10:59:33.640  INFO 13088 --- [main] com.zhl.community.CommunityApplication   : Started CommunityApplication in 2.142 seconds (JVM running for 4.758)
2021-08-05 10:59:33.650  INFO 13088 --- [scheduling-1] com.zaxxer.hikari.HikariDataSource       : HikariPool-1 - Starting...
2021-08-05 10:59:35.820  INFO 13088 --- [scheduling-1] com.zaxxer.hikari.HikariDataSource       : HikariPool-1 - Start completed.
2021-08-05 10:59:56.118  INFO 13088 --- [http-nio-8080-exec-1] o.a.c.c.C.[Tomcat].[localhost].[/]       : Initializing Spring DispatcherServlet 'dispatcherServlet'
2021-08-05 10:59:56.118  INFO 13088 --- [http-nio-8080-exec-1] o.s.web.servlet.DispatcherServlet        : Initializing Servlet 'dispatcherServlet'
2021-08-05 10:59:56.120  INFO 13088 --- [http-nio-8080-exec-1] o.s.web.servlet.DispatcherServlet        : Completed initialization in 2 ms
2021-08-05 11:17:34.596  INFO 7164 --- [main] com.zhl.community.CommunityApplication   : Starting CommunityApplication using Java 1.8.0_221 on LAPTOP-L8PDCRS5 with PID 7164 (D:\JAVA___project\community\target\classes started by ÂÆâÊ¥ÅËéâÂ®Ö in D:\JAVA___project\community)
2021-08-05 11:17:34.601  INFO 7164 --- [main] com.zhl.community.CommunityApplication   : No active profile set, falling back to default profiles: default
2021-08-05 11:17:35.951  INFO 7164 --- [main] o.s.b.w.embedded.tomcat.TomcatWebServer  : Tomcat initialized with port(s): 8080 (http)
2021-08-05 11:17:35.961  INFO 7164 --- [main] o.apache.catalina.core.StandardService   : Starting service [Tomcat]
2021-08-05 11:17:35.961  INFO 7164 --- [main] org.apache.catalina.core.StandardEngine  : Starting Servlet engine: [Apache Tomcat/9.0.48]
2021-08-05 11:17:36.041  INFO 7164 --- [main] o.a.c.c.C.[Tomcat].[localhost].[/]       : Initializing Spring embedded WebApplicationContext
2021-08-05 11:17:36.041  INFO 7164 --- [main] w.s.c.ServletWebServerApplicationContext : Root WebApplicationContext: initialization completed in 1390 ms
2021-08-05 11:17:36.728  INFO 7164 --- [main] o.s.b.a.w.s.WelcomePageHandlerMapping    : Adding welcome page template: index
2021-08-05 11:17:36.911  INFO 7164 --- [main] o.s.b.w.embedded.tomcat.TomcatWebServer  : Tomcat started on port(s): 8080 (http) with context path ''
2021-08-05 11:17:36.911  INFO 7164 --- [scheduling-1] com.zhl.community.schedule.ScheduleTask  : Áé∞Âú®ÁöÑÊó∂Èó¥ÊòØÔºöThu Aug 05 11:17:36 GMT+08:00 2021
2021-08-05 11:17:36.921  INFO 7164 --- [main] com.zhl.community.CommunityApplication   : Started CommunityApplication in 2.688 seconds (JVM running for 5.275)
2021-08-05 11:17:36.931  INFO 7164 --- [scheduling-1] com.zaxxer.hikari.HikariDataSource       : HikariPool-1 - Starting...
2021-08-05 11:17:39.181  INFO 7164 --- [scheduling-1] com.zaxxer.hikari.HikariDataSource       : HikariPool-1 - Start completed.
2021-08-05 11:17:43.571  INFO 7164 --- [http-nio-8080-exec-1] o.a.c.c.C.[Tomcat].[localhost].[/]       : Initializing Spring DispatcherServlet 'dispatcherServlet'
2021-08-05 11:17:43.571  INFO 7164 --- [http-nio-8080-exec-1] o.s.web.servlet.DispatcherServlet        : Initializing Servlet 'dispatcherServlet'
2021-08-05 11:17:43.571  INFO 7164 --- [http-nio-8080-exec-1] o.s.web.servlet.DispatcherServlet        : Completed initialization in 0 ms
2021-08-05 11:24:29.305  INFO 8272 --- [main] c.z.community.CommunityApplicationTests  : Starting CommunityApplicationTests using Java 1.8.0_221 on LAPTOP-L8PDCRS5 with PID 8272 (started by ∞≤Ω‡¿ÚÊ´ in D:\JAVA___project\community)
2021-08-05 11:24:29.309  INFO 8272 --- [main] c.z.community.CommunityApplicationTests  : No active profile set, falling back to default profiles: default
2021-08-05 11:24:31.671  INFO 8272 --- [main] o.s.b.a.w.s.WelcomePageHandlerMapping    : Adding welcome page template: index
2021-08-05 11:24:32.184  INFO 8272 --- [scheduling-1] com.zhl.community.schedule.ScheduleTask  : œ÷‘⁄µƒ ±º‰ «£∫Thu Aug 05 11:24:32 GMT+08:00 2021
2021-08-05 11:24:32.188  INFO 8272 --- [main] c.z.community.CommunityApplicationTests  : Started CommunityApplicationTests in 3.185 seconds (JVM running for 4.273)
2021-08-05 11:24:32.234  INFO 8272 --- [scheduling-1] com.zaxxer.hikari.HikariDataSource       : HikariPool-1 - Starting...
2021-08-05 11:24:36.406  INFO 8272 --- [scheduling-1] com.zaxxer.hikari.HikariDataSource       : HikariPool-1 - Start completed.
2021-08-05 11:24:36.592  INFO 8272 --- [SpringApplicationShutdownHook] com.zaxxer.hikari.HikariDataSource       : HikariPool-1 - Shutdown initiated...
2021-08-05 11:24:36.607  INFO 8272 --- [SpringApplicationShutdownHook] com.zaxxer.hikari.HikariDataSource       : HikariPool-1 - Shutdown completed.
2021-08-05 11:24:49.851  INFO 19344 --- [main] c.z.community.CommunityApplicationTests  : Starting CommunityApplicationTests using Java 1.8.0_221 on LAPTOP-L8PDCRS5 with PID 19344 (started by ∞≤Ω‡¿ÚÊ´ in D:\JAVA___project\community)
2021-08-05 11:24:49.851  INFO 19344 --- [main] c.z.community.CommunityApplicationTests  : No active profile set, falling back to default profiles: default
2021-08-05 11:24:52.251  INFO 19344 --- [main] o.s.b.a.w.s.WelcomePageHandlerMapping    : Adding welcome page template: index
2021-08-05 11:24:52.701  INFO 19344 --- [scheduling-1] com.zhl.community.schedule.ScheduleTask  : œ÷‘⁄µƒ ±º‰ «£∫Thu Aug 05 11:24:52 GMT+08:00 2021
2021-08-05 11:24:52.708  INFO 19344 --- [main] c.z.community.CommunityApplicationTests  : Started CommunityApplicationTests in 3.197 seconds (JVM running for 4.271)
2021-08-05 11:24:52.737  INFO 19344 --- [scheduling-1] com.zaxxer.hikari.HikariDataSource       : HikariPool-1 - Starting...
2021-08-05 11:24:56.561  INFO 19344 --- [scheduling-1] com.zaxxer.hikari.HikariDataSource       : HikariPool-1 - Start completed.
2021-08-05 11:24:56.711  INFO 19344 --- [SpringApplicationShutdownHook] com.zaxxer.hikari.HikariDataSource       : HikariPool-1 - Shutdown initiated...
2021-08-05 11:24:56.721  INFO 19344 --- [SpringApplicationShutdownHook] com.zaxxer.hikari.HikariDataSource       : HikariPool-1 - Shutdown completed.
2021-08-05 11:48:35.767  INFO 1900 --- [main] com.zhl.community.CommunityApplication   : Starting CommunityApplication using Java 1.8.0_221 on LAPTOP-L8PDCRS5 with PID 1900 (D:\JAVA___project\community\target\classes started by ÂÆâÊ¥ÅËéâÂ®Ö in D:\JAVA___project\community)
2021-08-05 11:48:35.772  INFO 1900 --- [main] com.zhl.community.CommunityApplication   : No active profile set, falling back to default profiles: default
2021-08-05 11:48:36.832  INFO 1900 --- [main] o.s.b.w.embedded.tomcat.TomcatWebServer  : Tomcat initialized with port(s): 80 (http)
2021-08-05 11:48:36.839  INFO 1900 --- [main] o.apache.catalina.core.StandardService   : Starting service [Tomcat]
2021-08-05 11:48:36.839  INFO 1900 --- [main] org.apache.catalina.core.StandardEngine  : Starting Servlet engine: [Apache Tomcat/9.0.48]
2021-08-05 11:48:36.912  INFO 1900 --- [main] o.a.c.c.C.[Tomcat].[localhost].[/]       : Initializing Spring embedded WebApplicationContext
2021-08-05 11:48:36.912  INFO 1900 --- [main] w.s.c.ServletWebServerApplicationContext : Root WebApplicationContext: initialization completed in 1069 ms
2021-08-05 11:48:37.623  INFO 1900 --- [main] o.s.b.a.w.s.WelcomePageHandlerMapping    : Adding welcome page template: index
2021-08-05 11:48:37.822  WARN 1900 --- [main] ConfigServletWebServerApplicationContext : Exception encountered during context initialization - cancelling refresh attempt: org.springframework.context.ApplicationContextException: Failed to start bean 'webServerStartStop'; nested exception is org.springframework.boot.web.server.PortInUseException: Port 80 is already in use
2021-08-05 11:48:37.822  INFO 1900 --- [main] o.apache.catalina.core.StandardService   : Stopping service [Tomcat]
2021-08-05 11:48:37.832  INFO 1900 --- [main] ConditionEvaluationReportLoggingListener : 

Error starting ApplicationContext. To display the conditions report re-run your application with 'debug' enabled.
2021-08-05 11:48:37.842 ERROR 1900 --- [main] o.s.b.d.LoggingFailureAnalysisReporter   : 

***************************
APPLICATION FAILED TO START
***************************

Description:

Web server failed to start. Port 80 was already in use.

Action:

Identify and stop the process that's listening on port 80 or configure this application to listen on another port.

2021-08-05 11:49:24.033  INFO 7476 --- [main] com.zhl.community.CommunityApplication   : Starting CommunityApplication using Java 1.8.0_221 on LAPTOP-L8PDCRS5 with PID 7476 (D:\JAVA___project\community\target\classes started by ÂÆâÊ¥ÅËéâÂ®Ö in D:\JAVA___project\community)
2021-08-05 11:49:24.038  INFO 7476 --- [main] com.zhl.community.CommunityApplication   : No active profile set, falling back to default profiles: default
2021-08-05 11:49:25.072  INFO 7476 --- [main] o.s.b.w.embedded.tomcat.TomcatWebServer  : Tomcat initialized with port(s): 8080 (http)
2021-08-05 11:49:25.082  INFO 7476 --- [main] o.apache.catalina.core.StandardService   : Starting service [Tomcat]
2021-08-05 11:49:25.082  INFO 7476 --- [main] org.apache.catalina.core.StandardEngine  : Starting Servlet engine: [Apache Tomcat/9.0.48]
2021-08-05 11:49:25.172  INFO 7476 --- [main] o.a.c.c.C.[Tomcat].[localhost].[/]       : Initializing Spring embedded WebApplicationContext
2021-08-05 11:49:25.172  INFO 7476 --- [main] w.s.c.ServletWebServerApplicationContext : Root WebApplicationContext: initialization completed in 1093 ms
2021-08-05 11:49:25.822  INFO 7476 --- [main] o.s.b.a.w.s.WelcomePageHandlerMapping    : Adding welcome page template: index
2021-08-05 11:49:25.982  INFO 7476 --- [main] o.s.b.w.embedded.tomcat.TomcatWebServer  : Tomcat started on port(s): 8080 (http) with context path ''
2021-08-05 11:49:25.993  INFO 7476 --- [scheduling-1] com.zhl.community.schedule.ScheduleTask  : Áé∞Âú®ÁöÑÊó∂Èó¥ÊòØÔºöThu Aug 05 11:49:25 GMT+08:00 2021
2021-08-05 11:49:25.993  INFO 7476 --- [main] com.zhl.community.CommunityApplication   : Started CommunityApplication in 2.341 seconds (JVM running for 4.886)
2021-08-05 11:49:26.003  INFO 7476 --- [scheduling-1] com.zaxxer.hikari.HikariDataSource       : HikariPool-1 - Starting...
2021-08-05 11:49:28.003  INFO 7476 --- [scheduling-1] com.zaxxer.hikari.HikariDataSource       : HikariPool-1 - Start completed.
2021-08-05 11:49:34.873  INFO 7476 --- [http-nio-8080-exec-1] o.a.c.c.C.[Tomcat].[localhost].[/]       : Initializing Spring DispatcherServlet 'dispatcherServlet'
2021-08-05 11:49:34.873  INFO 7476 --- [http-nio-8080-exec-1] o.s.web.servlet.DispatcherServlet        : Initializing Servlet 'dispatcherServlet'
2021-08-05 11:49:34.873  INFO 7476 --- [http-nio-8080-exec-1] o.s.web.servlet.DispatcherServlet        : Completed initialization in 0 ms
